<?xml version="1.0" encoding="UTF-8"?>
<!-- Generated by org.testng.reporters.JUnitXMLReporter -->
<testsuite ignored="0" hostname="Nikki" failures="0" tests="3" name="Default test" time="20.219" errors="0" timestamp="2022-08-22T15:58:08 IST">
  <testcase classname="org.smokeandregressionpractice.test.Class1Practice" name="test1" time="2.02"/>
  <testcase classname="org.smokeandregressionpractice.test.Class1Practice" name="test2" time="4.015"/>
  <testcase classname="org.smokeandregressionpractice.test.Class1Practice" name="test3" time="6.005"/>
</testsuite> <!-- Default test -->
