<?xml version="1.0" encoding="UTF-8"?>
<!-- Generated by org.testng.reporters.JUnitXMLReporter -->
<testsuite ignored="4" hostname="Nikki" failures="0" tests="9" name="TestRunner3" time="0.088" errors="0" timestamp="2022-08-17T16:06:59 IST">
  <testcase classname="org.smokeandregressionpractice2.test.Class3Practice" name="test1" time="0.007"/>
  <testcase classname="org.smokeandregressionpractice2.test.Class3Practice" name="test2" time="0.001"/>
  <testcase classname="org.smokeandregressionpractice2.test.Class3Practice" name="test3" time="0.004"/>
  <testcase classname="org.smokeandregressionpractice1.test.Class3Practice" name="test1" time="0.005"/>
  <testcase classname="org.smokeandregressionpractice1.test.Class3Practice" name="test2" time="0.005"/>
  <testcase classname="org.smokeandregressionpractice1.test.Class3Practice" name="test3" time="0.003"/>
  <testcase classname="org.smokeandregressionpractice.test.Class3Practice" name="test1" time="0.003"/>
  <testcase classname="org.smokeandregressionpractice.test.Class3Practice" name="test2" time="0.002"/>
  <testcase classname="org.smokeandregressionpractice.test.Class3Practice" name="test3" time="0.001"/>
  <testcase classname="com.genericutility.BaseClass" name="@AfterSuite configAS" time="0.0">
    <ignored/>
  </testcase> <!-- @AfterSuite configAS -->
  <testcase classname="com.genericutility.BaseClass" name="@AfterSuite configAS" time="0.0">
    <ignored/>
  </testcase> <!-- @AfterSuite configAS -->
  <testcase classname="com.genericutility.BaseClass" name="@BeforeSuite configBS" time="0.0">
    <ignored/>
  </testcase> <!-- @BeforeSuite configBS -->
  <testcase classname="com.genericutility.BaseClass" name="@BeforeSuite configBS" time="0.0">
    <ignored/>
  </testcase> <!-- @BeforeSuite configBS -->
</testsuite> <!-- TestRunner3 -->
