<?xml version="1.0" encoding="UTF-8"?>
<!-- Generated by org.testng.reporters.JUnitXMLReporter -->
<testsuite ignored="0" hostname="Nikki" failures="0" tests="3" name="Test1" time="73.225" errors="0" timestamp="2022-08-18T12:35:07 IST">
  <testcase classname="org.smokeandregressionpractice1.test.Class1Practice" name="test1" time="20.003"/>
  <testcase classname="org.smokeandregressionpractice1.test.Class1Practice" name="test2" time="22.004"/>
  <testcase classname="org.smokeandregressionpractice1.test.Class1Practice" name="test3" time="24.002"/>
</testsuite> <!-- Test1 -->
