<?xml version="1.0" encoding="UTF-8"?>
<!-- Generated by org.testng.reporters.JUnitXMLReporter -->
<testsuite ignored="6" hostname="Nikki" failures="0" tests="12" name="TestRunner" time="231.222" errors="0" timestamp="2022-08-18T12:49:02 IST">
  <testcase classname="org.smokeandregressionpracticeCrossBrowser1.test.Class1Practice" name="test1" time="20.02"/>
  <testcase classname="org.smokeandregressionpracticeCrossBrowser1.test.Class1Practice" name="test2" time="22.009"/>
  <testcase classname="org.smokeandregressionpracticeCrossBrowser1.test.Class1Practice" name="test3" time="24.018"/>
  <testcase classname="org.smokeandregressionpracticeCrossBrowser.test.Class1Practice" name="test1" time="2.003"/>
  <testcase classname="org.smokeandregressionpracticeCrossBrowser.test.Class1Practice" name="test2" time="4.013"/>
  <testcase classname="org.smokeandregressionpracticeCrossBrowser.test.Class1Practice" name="test3" time="6.013"/>
  <testcase classname="org.smokeandregressionpracticeCrossBrowser1.test.Class2Practice" name="test1" time="26.017"/>
  <testcase classname="org.smokeandregressionpracticeCrossBrowser1.test.Class2Practice" name="test2" time="28.01"/>
  <testcase classname="org.smokeandregressionpracticeCrossBrowser1.test.Class2Practice" name="test3" time="30.015"/>
  <testcase classname="org.smokeandregressionpracticeCrossBrowser.test.Class2Practice" name="test1" time="8.008"/>
  <testcase classname="org.smokeandregressionpracticeCrossBrowser.test.Class2Practice" name="test2" time="10.011"/>
  <testcase classname="org.smokeandregressionpracticeCrossBrowser.test.Class2Practice" name="test3" time="12.002"/>
  <testcase classname="com.genericutility.BaseClassCrossBrowser" name="@BeforeSuite configBS" time="0.0">
    <ignored/>
  </testcase> <!-- @BeforeSuite configBS -->
  <testcase classname="com.genericutility.BaseClassCrossBrowser" name="@BeforeSuite configBS" time="0.0">
    <ignored/>
  </testcase> <!-- @BeforeSuite configBS -->
  <testcase classname="com.genericutility.BaseClassCrossBrowser" name="@BeforeSuite configBS" time="0.0">
    <ignored/>
  </testcase> <!-- @BeforeSuite configBS -->
  <testcase classname="com.genericutility.BaseClassCrossBrowser" name="@AfterSuite configAS" time="0.0">
    <ignored/>
  </testcase> <!-- @AfterSuite configAS -->
  <testcase classname="com.genericutility.BaseClassCrossBrowser" name="@AfterSuite configAS" time="0.0">
    <ignored/>
  </testcase> <!-- @AfterSuite configAS -->
  <testcase classname="com.genericutility.BaseClassCrossBrowser" name="@AfterSuite configAS" time="0.0">
    <ignored/>
  </testcase> <!-- @AfterSuite configAS -->
</testsuite> <!-- TestRunner -->
