<?xml version="1.0" encoding="UTF-8"?>
<testng-results ignored="0" total="3" passed="3" failed="0" skipped="0">
  <reporter-output>
  </reporter-output>
  <suite started-at="2022-08-22T15:57:48 IST" name="Default suite" finished-at="2022-08-22T15:58:08 IST" duration-ms="20219">
    <groups>
      <group name="ST">
        <method signature="Class1Practice.test1()[pri:0, instance:org.smokeandregressionpractice.test.Class1Practice@6da21078]" name="test1" class="org.smokeandregressionpractice.test.Class1Practice"/>
      </group> <!-- ST -->
      <group name="RT">
        <method signature="Class1Practice.test2()[pri:0, instance:org.smokeandregressionpractice.test.Class1Practice@6da21078]" name="test2" class="org.smokeandregressionpractice.test.Class1Practice"/>
        <method signature="Class1Practice.test3()[pri:0, instance:org.smokeandregressionpractice.test.Class1Practice@6da21078]" name="test3" class="org.smokeandregressionpractice.test.Class1Practice"/>
      </group> <!-- RT -->
    </groups>
    <test started-at="2022-08-22T15:57:48 IST" name="Default test" finished-at="2022-08-22T15:58:08 IST" duration-ms="20219">
      <class name="org.smokeandregressionpractice.test.Class1Practice">
        <test-method is-config="true" signature="configBS()[pri:0, instance:org.smokeandregressionpractice.test.Class1Practice@6da21078]" started-at="2022-08-22T15:57:48 IST" name="configBS" finished-at="2022-08-22T15:57:48 IST" duration-ms="6" status="PASS">
          <reporter-output>
          </reporter-output>
        </test-method> <!-- configBS -->
        <test-method is-config="true" signature="configBC()[pri:0, instance:org.smokeandregressionpractice.test.Class1Practice@6da21078]" started-at="2022-08-22T15:57:48 IST" name="configBC" finished-at="2022-08-22T15:57:55 IST" duration-ms="7055" status="PASS">
          <reporter-output>
          </reporter-output>
        </test-method> <!-- configBC -->
        <test-method is-config="true" signature="configBM()[pri:0, instance:org.smokeandregressionpractice.test.Class1Practice@6da21078]" started-at="2022-08-22T15:57:55 IST" name="configBM" finished-at="2022-08-22T15:57:55 IST" duration-ms="0" status="PASS">
          <reporter-output>
          </reporter-output>
        </test-method> <!-- configBM -->
        <test-method signature="test1()[pri:0, instance:org.smokeandregressionpractice.test.Class1Practice@6da21078]" started-at="2022-08-22T15:57:55 IST" name="test1" finished-at="2022-08-22T15:57:57 IST" duration-ms="2020" status="PASS">
          <reporter-output>
          </reporter-output>
        </test-method> <!-- test1 -->
        <test-method is-config="true" signature="configAM()[pri:0, instance:org.smokeandregressionpractice.test.Class1Practice@6da21078]" started-at="2022-08-22T15:57:57 IST" name="configAM" finished-at="2022-08-22T15:57:57 IST" duration-ms="1" status="PASS">
          <reporter-output>
          </reporter-output>
        </test-method> <!-- configAM -->
        <test-method is-config="true" signature="configBM()[pri:0, instance:org.smokeandregressionpractice.test.Class1Practice@6da21078]" started-at="2022-08-22T15:57:57 IST" name="configBM" finished-at="2022-08-22T15:57:57 IST" duration-ms="1" status="PASS">
          <reporter-output>
          </reporter-output>
        </test-method> <!-- configBM -->
        <test-method signature="test2()[pri:0, instance:org.smokeandregressionpractice.test.Class1Practice@6da21078]" started-at="2022-08-22T15:57:57 IST" name="test2" finished-at="2022-08-22T15:58:01 IST" duration-ms="4015" status="PASS">
          <reporter-output>
          </reporter-output>
        </test-method> <!-- test2 -->
        <test-method is-config="true" signature="configBM()[pri:0, instance:org.smokeandregressionpractice.test.Class1Practice@6da21078]" started-at="2022-08-22T15:58:01 IST" name="configBM" finished-at="2022-08-22T15:58:01 IST" duration-ms="1" status="PASS">
          <reporter-output>
          </reporter-output>
        </test-method> <!-- configBM -->
        <test-method is-config="true" signature="configAM()[pri:0, instance:org.smokeandregressionpractice.test.Class1Practice@6da21078]" started-at="2022-08-22T15:58:01 IST" name="configAM" finished-at="2022-08-22T15:58:01 IST" duration-ms="0" status="PASS">
          <reporter-output>
          </reporter-output>
        </test-method> <!-- configAM -->
        <test-method signature="test3()[pri:0, instance:org.smokeandregressionpractice.test.Class1Practice@6da21078]" started-at="2022-08-22T15:58:01 IST" name="test3" finished-at="2022-08-22T15:58:07 IST" duration-ms="6005" status="PASS">
          <reporter-output>
          </reporter-output>
        </test-method> <!-- test3 -->
        <test-method is-config="true" signature="configAM()[pri:0, instance:org.smokeandregressionpractice.test.Class1Practice@6da21078]" started-at="2022-08-22T15:58:07 IST" name="configAM" finished-at="2022-08-22T15:58:07 IST" duration-ms="0" status="PASS">
          <reporter-output>
          </reporter-output>
        </test-method> <!-- configAM -->
        <test-method is-config="true" signature="configAC()[pri:0, instance:org.smokeandregressionpractice.test.Class1Practice@6da21078]" started-at="2022-08-22T15:58:07 IST" name="configAC" finished-at="2022-08-22T15:58:08 IST" duration-ms="1090" status="PASS">
          <reporter-output>
          </reporter-output>
        </test-method> <!-- configAC -->
        <test-method is-config="true" signature="configAS()[pri:0, instance:org.smokeandregressionpractice.test.Class1Practice@6da21078]" started-at="2022-08-22T15:58:08 IST" name="configAS" finished-at="2022-08-22T15:58:08 IST" duration-ms="1" status="PASS">
          <reporter-output>
          </reporter-output>
        </test-method> <!-- configAS -->
      </class> <!-- org.smokeandregressionpractice.test.Class1Practice -->
    </test> <!-- Default test -->
  </suite> <!-- Default suite -->
</testng-results>
